<?xml version="1.0" encoding="utf-8"?><testsuites><testsuite name="pytest" errors="0" failures="0" skipped="0" tests="7" time="0.388" timestamp="2025-10-28T20:14:32.458914" hostname="kssk"><testcase classname="tests.test_app" name="test_add_numbers" time="0.002" /><testcase classname="tests.test_app" name="test_multiply_numbers" time="0.001" /><testcase classname="tests.test_app" name="test_hello_endpoint" time="0.015" /><testcase classname="tests.test_app" name="test_health_check" time="0.004" /><testcase classname="tests.test_app" name="test_add_endpoint" time="0.006" /><testcase classname="tests.test_app" name="test_multiply_endpoint" time="0.004" /><testcase classname="tests.test_app" name="test_users_endpoint" time="0.005" /></testsuite></testsuites>